<?xml version="1.0" encoding="UTF-8"?>
<testsuite name="testsuite"
           tests="5"
           failures="0"
           errors="0"
           skipped="0"
           time="9.788">
  <properties />
  
  
            <testcase name="verifyUserShouldNavigateToComputerPageSuccessfully" time="0.512" classname="com.nopcommerce.demo.testsuite.ComputerPageTest" />
                <testcase name="verifyUserShouldNavigateToDesktopsPageSuccessfully" time="0.890" classname="com.nopcommerce.demo.testsuite.ComputerPageTest" />
                <testcase name="VerifyThatUserShouldBuildYouOwnComputerAndAddThemToCartSuccessfully" time="2.627" classname="com.nopcommerce.demo.testsuite.ComputerPageTest" />
                <testcase name="VerifyThatUserShouldBuildYouOwnComputerAndAddThemToCartSuccessfully" time="3.160" classname="com.nopcommerce.demo.testsuite.ComputerPageTest" />
                <testcase name="VerifyThatUserShouldBuildYouOwnComputerAndAddThemToCartSuccessfully" time="2.599" classname="com.nopcommerce.demo.testsuite.ComputerPageTest" />
      
</testsuite>
